<?xml version="1.0" encoding="UTF-8"?>
<!-- Generated by org.testng.reporters.JUnitXMLReporter -->
<testsuite hostname="T-248-602105L" ignored="3" name="Test" tests="13" failures="0" timestamp="12 Jun 2019 13:35:13 GMT" time="184.816" errors="0">
  <testcase name="Test1" time="21.362" classname="testcases.TC_001_logintest"/>
  <testcase name="TC_001_loginfunctionality" time="5.324" classname="testcases.TC_001_Validateloginfunctionality"/>
  <testcase name="TC_001_loginfunctionality" time="4.769" classname="testcases.TC_002_validatelogin_multi_staticdata"/>
  <testcase name="TC_001_loginfunctionality" time="6.544" classname="testcases.TC_002_validatelogin_multi_staticdata"/>
  <testcase name="TC_001_loginfunctionality" time="3.987" classname="testcases.TC_002_validatelogin_multi_staticdata"/>
  <testcase name="TC_001_loginfunctionality" time="4.558" classname="testcases.TC_003_login_data_excel_usingdatagen"/>
  <testcase name="TC_001_loginfunctionality" time="8.837" classname="testcases.TC_003_login_data_excel_usingdatagen"/>
  <testcase name="TC_001_loginfunctionality" time="4.996" classname="testcases.TC_003_login_data_excel_usingdatagen"/>
  <testcase name="TC_001_loginfunctionality" time="7.608" classname="testcases.TC_003_login_data_excel_usingdatagen"/>
  <testcase name="TC_001_loginfunctionality" time="5.732" classname="testcases.TC_003_login_data_excel"/>
  <testcase name="TC_001_loginfunctionality" time="8.396" classname="testcases.TC_003_login_data_excel"/>
  <testcase name="TC_001_loginfunctionality" time="4.046" classname="testcases.TC_003_login_data_excel"/>
  <testcase name="TC_001_loginfunctionality" time="12.639" classname="testcases.TC_003_login_data_excel"/>
  <testcase name="@AfterSuite genratereport" time="0.0" classname="Base.DriverInstance">
    <ignored/>
  </testcase> <!-- @AfterSuite genratereport -->
  <testcase name="@AfterSuite genratereport" time="0.0" classname="Base.DriverInstance">
    <ignored/>
  </testcase> <!-- @AfterSuite genratereport -->
  <testcase name="@AfterSuite genratereport" time="0.0" classname="Base.DriverInstance">
    <ignored/>
  </testcase> <!-- @AfterSuite genratereport -->
</testsuite> <!-- Test -->
