<?xml version="1.0" encoding="UTF-8"?>
<!-- Generated by org.testng.reporters.JUnitXMLReporter -->
<testsuite hostname="T-248-602105L" ignored="0" name="Default test" tests="4" failures="0" timestamp="04 Jun 2019 13:46:16 GMT" time="130.022" errors="0">
  <testcase name="TC_001_loginfunctionality" time="45.948" classname="testcases.TC_003_login_data_excel_usingdatagen"/>
  <testcase name="TC_001_loginfunctionality" time="19.771" classname="testcases.TC_003_login_data_excel_usingdatagen"/>
  <testcase name="TC_001_loginfunctionality" time="9.935" classname="testcases.TC_003_login_data_excel_usingdatagen"/>
  <testcase name="TC_001_loginfunctionality" time="6.284" classname="testcases.TC_003_login_data_excel_usingdatagen"/>
</testsuite> <!-- Default test -->
