<?xml version="1.0" encoding="UTF-8"?>
<testng-results skipped="0" failed="0" ignored="2" total="11" passed="9">
  <reporter-output>
  </reporter-output>
  <suite name="Suite" duration-ms="128351" started-at="2019-06-11T12:14:43Z" finished-at="2019-06-11T12:16:52Z">
    <groups>
    </groups>
    <test name="Test" duration-ms="128351" started-at="2019-06-11T12:14:43Z" finished-at="2019-06-11T12:16:52Z">
      <class name="testcases.TC_002_validatelogin_multi_staticdata">
        <test-method status="PASS" signature="initiateDriverInstance()[pri:0, instance:testcases.TC_002_validatelogin_multi_staticdata@46d56d67]" name="initiateDriverInstance" is-config="true" duration-ms="4515" started-at="2019-06-11T17:45:43Z" finished-at="2019-06-11T17:45:48Z">
          <reporter-output>
          </reporter-output>
        </test-method> <!-- initiateDriverInstance -->
        <test-method status="PASS" signature="TC_001_loginfunctionality(java.lang.String, java.lang.String)[pri:0, instance:testcases.TC_002_validatelogin_multi_staticdata@46d56d67]" name="TC_001_loginfunctionality" duration-ms="5225" started-at="2019-06-11T17:45:48Z" data-provider="static" finished-at="2019-06-11T17:45:53Z">
          <params>
            <param index="0">
              <value>
                <![CDATA[sa1@gmail.com]]>
              </value>
            </param>
            <param index="1">
              <value>
                <![CDATA[User@1234]]>
              </value>
            </param>
          </params>
          <reporter-output>
          </reporter-output>
        </test-method> <!-- TC_001_loginfunctionality -->
        <test-method status="PASS" signature="closeDriverInstance()[pri:0, instance:testcases.TC_002_validatelogin_multi_staticdata@46d56d67]" name="closeDriverInstance" is-config="true" duration-ms="1503" started-at="2019-06-11T17:45:53Z" finished-at="2019-06-11T17:45:54Z">
          <reporter-output>
          </reporter-output>
        </test-method> <!-- closeDriverInstance -->
        <test-method status="PASS" signature="initiateDriverInstance()[pri:0, instance:testcases.TC_002_validatelogin_multi_staticdata@46d56d67]" name="initiateDriverInstance" is-config="true" duration-ms="4134" started-at="2019-06-11T17:45:54Z" finished-at="2019-06-11T17:45:59Z">
          <reporter-output>
          </reporter-output>
        </test-method> <!-- initiateDriverInstance -->
        <test-method status="PASS" signature="TC_001_loginfunctionality(java.lang.String, java.lang.String)[pri:0, instance:testcases.TC_002_validatelogin_multi_staticdata@46d56d67]" name="TC_001_loginfunctionality" duration-ms="8542" started-at="2019-06-11T17:45:59Z" data-provider="static" finished-at="2019-06-11T17:46:07Z">
          <params>
            <param index="0">
              <value>
                <![CDATA[ca1@gmail.com]]>
              </value>
            </param>
            <param index="1">
              <value>
                <![CDATA[User@1234]]>
              </value>
            </param>
          </params>
          <reporter-output>
          </reporter-output>
        </test-method> <!-- TC_001_loginfunctionality -->
        <test-method status="PASS" signature="closeDriverInstance()[pri:0, instance:testcases.TC_002_validatelogin_multi_staticdata@46d56d67]" name="closeDriverInstance" is-config="true" duration-ms="1510" started-at="2019-06-11T17:46:07Z" finished-at="2019-06-11T17:46:09Z">
          <reporter-output>
          </reporter-output>
        </test-method> <!-- closeDriverInstance -->
        <test-method status="PASS" signature="initiateDriverInstance()[pri:0, instance:testcases.TC_002_validatelogin_multi_staticdata@46d56d67]" name="initiateDriverInstance" is-config="true" duration-ms="4232" started-at="2019-06-11T17:46:09Z" finished-at="2019-06-11T17:46:13Z">
          <reporter-output>
          </reporter-output>
        </test-method> <!-- initiateDriverInstance -->
        <test-method status="PASS" signature="TC_001_loginfunctionality(java.lang.String, java.lang.String)[pri:0, instance:testcases.TC_002_validatelogin_multi_staticdata@46d56d67]" name="TC_001_loginfunctionality" duration-ms="4438" started-at="2019-06-11T17:46:13Z" data-provider="static" finished-at="2019-06-11T17:46:17Z">
          <params>
            <param index="0">
              <value>
                <![CDATA[emp1@gmail.com]]>
              </value>
            </param>
            <param index="1">
              <value>
                <![CDATA[User@1234]]>
              </value>
            </param>
          </params>
          <reporter-output>
          </reporter-output>
        </test-method> <!-- TC_001_loginfunctionality -->
        <test-method status="PASS" signature="closeDriverInstance()[pri:0, instance:testcases.TC_002_validatelogin_multi_staticdata@46d56d67]" name="closeDriverInstance" is-config="true" duration-ms="1420" started-at="2019-06-11T17:46:17Z" finished-at="2019-06-11T17:46:19Z">
          <reporter-output>
          </reporter-output>
        </test-method> <!-- closeDriverInstance -->
      </class> <!-- testcases.TC_002_validatelogin_multi_staticdata -->
      <class name="testcases.TC_001_Validateloginfunctionality">
        <test-method status="PASS" signature="initiateDriverInstance()[pri:0, instance:testcases.TC_001_Validateloginfunctionality@d8355a8]" name="initiateDriverInstance" is-config="true" duration-ms="4350" started-at="2019-06-11T17:46:19Z" finished-at="2019-06-11T17:46:23Z">
          <reporter-output>
          </reporter-output>
        </test-method> <!-- initiateDriverInstance -->
        <test-method status="PASS" signature="TC_001_loginfunctionality()[pri:0, instance:testcases.TC_001_Validateloginfunctionality@d8355a8]" name="TC_001_loginfunctionality" duration-ms="5522" started-at="2019-06-11T17:46:23Z" finished-at="2019-06-11T17:46:29Z">
          <reporter-output>
          </reporter-output>
        </test-method> <!-- TC_001_loginfunctionality -->
        <test-method status="PASS" signature="closeDriverInstance()[pri:0, instance:testcases.TC_001_Validateloginfunctionality@d8355a8]" name="closeDriverInstance" is-config="true" duration-ms="1449" started-at="2019-06-11T17:46:29Z" finished-at="2019-06-11T17:46:30Z">
          <reporter-output>
          </reporter-output>
        </test-method> <!-- closeDriverInstance -->
      </class> <!-- testcases.TC_001_Validateloginfunctionality -->
      <class name="testcases.TC_001_logintest">
        <test-method status="PASS" signature="beforemethod()[pri:0, instance:testcases.TC_001_logintest@59fa1d9b]" name="beforemethod" is-config="true" duration-ms="2401" started-at="2019-06-11T17:46:30Z" finished-at="2019-06-11T17:46:32Z">
          <reporter-output>
          </reporter-output>
        </test-method> <!-- beforemethod -->
        <test-method status="PASS" signature="Test1()[pri:0, instance:testcases.TC_001_logintest@59fa1d9b]" name="Test1" duration-ms="19175" started-at="2019-06-11T17:46:32Z" finished-at="2019-06-11T17:46:52Z">
          <reporter-output>
          </reporter-output>
        </test-method> <!-- Test1 -->
      </class> <!-- testcases.TC_001_logintest -->
      <class name="testcases.TC_003_login_data_excel">
        <test-method status="PASS" signature="initiateDriverInstance()[pri:0, instance:testcases.TC_003_login_data_excel@14acaea5]" name="initiateDriverInstance" is-config="true" duration-ms="5293" started-at="2019-06-11T17:44:44Z" finished-at="2019-06-11T17:44:49Z">
          <reporter-output>
          </reporter-output>
        </test-method> <!-- initiateDriverInstance -->
        <test-method status="PASS" signature="TC_001_loginfunctionality(java.lang.String, java.lang.String)[pri:0, instance:testcases.TC_003_login_data_excel@14acaea5]" name="TC_001_loginfunctionality" duration-ms="4985" started-at="2019-06-11T17:44:49Z" data-provider="Excel" finished-at="2019-06-11T17:44:54Z">
          <params>
            <param index="0">
              <value>
                <![CDATA[sa1@gmail.com]]>
              </value>
            </param>
            <param index="1">
              <value>
                <![CDATA[User@1234]]>
              </value>
            </param>
          </params>
          <reporter-output>
          </reporter-output>
        </test-method> <!-- TC_001_loginfunctionality -->
        <test-method status="PASS" signature="closeDriverInstance()[pri:0, instance:testcases.TC_003_login_data_excel@14acaea5]" name="closeDriverInstance" is-config="true" duration-ms="1488" started-at="2019-06-11T17:44:54Z" finished-at="2019-06-11T17:44:56Z">
          <reporter-output>
          </reporter-output>
        </test-method> <!-- closeDriverInstance -->
        <test-method status="PASS" signature="initiateDriverInstance()[pri:0, instance:testcases.TC_003_login_data_excel@14acaea5]" name="initiateDriverInstance" is-config="true" duration-ms="4444" started-at="2019-06-11T17:44:56Z" finished-at="2019-06-11T17:45:00Z">
          <reporter-output>
          </reporter-output>
        </test-method> <!-- initiateDriverInstance -->
        <test-method status="PASS" signature="TC_001_loginfunctionality(java.lang.String, java.lang.String)[pri:0, instance:testcases.TC_003_login_data_excel@14acaea5]" name="TC_001_loginfunctionality" duration-ms="14066" started-at="2019-06-11T17:45:00Z" data-provider="Excel" finished-at="2019-06-11T17:45:14Z">
          <params>
            <param index="0">
              <value>
                <![CDATA[ca1@gmail.com]]>
              </value>
            </param>
            <param index="1">
              <value>
                <![CDATA[User@1234]]>
              </value>
            </param>
          </params>
          <reporter-output>
          </reporter-output>
        </test-method> <!-- TC_001_loginfunctionality -->
        <test-method status="PASS" signature="closeDriverInstance()[pri:0, instance:testcases.TC_003_login_data_excel@14acaea5]" name="closeDriverInstance" is-config="true" duration-ms="1509" started-at="2019-06-11T17:45:14Z" finished-at="2019-06-11T17:45:16Z">
          <reporter-output>
          </reporter-output>
        </test-method> <!-- closeDriverInstance -->
        <test-method status="PASS" signature="initiateDriverInstance()[pri:0, instance:testcases.TC_003_login_data_excel@14acaea5]" name="initiateDriverInstance" is-config="true" duration-ms="6392" started-at="2019-06-11T17:45:16Z" finished-at="2019-06-11T17:45:22Z">
          <reporter-output>
          </reporter-output>
        </test-method> <!-- initiateDriverInstance -->
        <test-method status="PASS" signature="TC_001_loginfunctionality(java.lang.String, java.lang.String)[pri:0, instance:testcases.TC_003_login_data_excel@14acaea5]" name="TC_001_loginfunctionality" duration-ms="7142" started-at="2019-06-11T17:45:22Z" data-provider="Excel" finished-at="2019-06-11T17:45:29Z">
          <params>
            <param index="0">
              <value>
                <![CDATA[emp1@gmail.com]]>
              </value>
            </param>
            <param index="1">
              <value>
                <![CDATA[User@1234]]>
              </value>
            </param>
          </params>
          <reporter-output>
          </reporter-output>
        </test-method> <!-- TC_001_loginfunctionality -->
        <test-method status="PASS" signature="closeDriverInstance()[pri:0, instance:testcases.TC_003_login_data_excel@14acaea5]" name="closeDriverInstance" is-config="true" duration-ms="1203" started-at="2019-06-11T17:45:29Z" finished-at="2019-06-11T17:45:30Z">
          <reporter-output>
          </reporter-output>
        </test-method> <!-- closeDriverInstance -->
        <test-method status="PASS" signature="initiateDriverInstance()[pri:0, instance:testcases.TC_003_login_data_excel@14acaea5]" name="initiateDriverInstance" is-config="true" duration-ms="4272" started-at="2019-06-11T17:45:30Z" finished-at="2019-06-11T17:45:35Z">
          <reporter-output>
          </reporter-output>
        </test-method> <!-- initiateDriverInstance -->
        <test-method status="PASS" signature="TC_001_loginfunctionality(java.lang.String, java.lang.String)[pri:0, instance:testcases.TC_003_login_data_excel@14acaea5]" name="TC_001_loginfunctionality" duration-ms="7099" started-at="2019-06-11T17:45:35Z" data-provider="Excel" finished-at="2019-06-11T17:45:42Z">
          <params>
            <param index="0">
              <value>
                <![CDATA[sadmin]]>
              </value>
            </param>
            <param index="1">
              <value>
                <![CDATA[User@1234]]>
              </value>
            </param>
          </params>
          <reporter-output>
          </reporter-output>
        </test-method> <!-- TC_001_loginfunctionality -->
        <test-method status="PASS" signature="closeDriverInstance()[pri:0, instance:testcases.TC_003_login_data_excel@14acaea5]" name="closeDriverInstance" is-config="true" duration-ms="1390" started-at="2019-06-11T17:45:42Z" finished-at="2019-06-11T17:45:43Z">
          <reporter-output>
          </reporter-output>
        </test-method> <!-- closeDriverInstance -->
        <test-method status="PASS" signature="genratereport()[pri:0, instance:testcases.TC_003_login_data_excel@14acaea5]" name="genratereport" is-config="true" duration-ms="0" started-at="2019-06-11T17:46:52Z" finished-at="2019-06-11T17:46:52Z">
          <reporter-output>
          </reporter-output>
        </test-method> <!-- genratereport -->
      </class> <!-- testcases.TC_003_login_data_excel -->
    </test> <!-- Test -->
  </suite> <!-- Suite -->
</testng-results>
