<?xml version="1.0" encoding="UTF-8"?>
<!-- Generated by org.testng.reporters.JUnitXMLReporter -->
<testsuite hostname="T-248-602105L" ignored="2" name="Test" tests="9" failures="0" timestamp="11 Jun 2019 12:16:52 GMT" time="128.351" errors="0">
  <testcase name="TC_001_loginfunctionality" time="4.985" classname="testcases.TC_003_login_data_excel"/>
  <testcase name="TC_001_loginfunctionality" time="14.066" classname="testcases.TC_003_login_data_excel"/>
  <testcase name="TC_001_loginfunctionality" time="7.142" classname="testcases.TC_003_login_data_excel"/>
  <testcase name="TC_001_loginfunctionality" time="7.099" classname="testcases.TC_003_login_data_excel"/>
  <testcase name="TC_001_loginfunctionality" time="5.225" classname="testcases.TC_002_validatelogin_multi_staticdata"/>
  <testcase name="TC_001_loginfunctionality" time="8.542" classname="testcases.TC_002_validatelogin_multi_staticdata"/>
  <testcase name="TC_001_loginfunctionality" time="4.438" classname="testcases.TC_002_validatelogin_multi_staticdata"/>
  <testcase name="TC_001_loginfunctionality" time="5.522" classname="testcases.TC_001_Validateloginfunctionality"/>
  <testcase name="Test1" time="19.175" classname="testcases.TC_001_logintest"/>
  <testcase name="@AfterSuite genratereport" time="0.0" classname="Base.DriverInstance">
    <ignored/>
  </testcase> <!-- @AfterSuite genratereport -->
  <testcase name="@AfterSuite genratereport" time="0.0" classname="Base.DriverInstance">
    <ignored/>
  </testcase> <!-- @AfterSuite genratereport -->
</testsuite> <!-- Test -->
